<?xml version="1.0" encoding="UTF-8" ?>
<testsuite tests="4" failures="1" name="za.ac.cput.adp2assignment1.BookTest" time="0.007" errors="0" skipped="0">
  <properties>
[...]
</properties>
  <testcase classname="za.ac.cput.adp2assignment1.BookTest" name="za.ac.cput.adp2assignment1.BookTest.testEquality" time="0.002"/>
  <testcase classname="za.ac.cput.adp2assignment1.BookTest" name="za.ac.cput.adp2assignment1.BookTest.testFail" time="0.002">
    <failure message="This test will fail" type="org.opentest4j.AssertionFailedError">org.opentest4j.AssertionFailedError: This test will fail
	at org.junit.jupiter.api.AssertionUtils.fail(AssertionUtils.java:39)
	at org.junit.jupiter.api.Assertions.fail(Assertions.java:118)
	at za.ac.cput.adp2assignment1.BookTest.testFail(BookTest.java:52)
</failure>
  </testcase>
  <testcase classname="za.ac.cput.adp2assignment1.BookTest" name="za.ac.cput.adp2assignment1.BookTest.testWillBeIgnored" time="0"/>
  <testcase classname="za.ac.cput.adp2assignment1.BookTest" name="za.ac.cput.adp2assignment1.BookTest.testIdentity" time="0.003"/>
</testsuite>