-------------------------------------------------------------------------------
Test set: za.ac.cput.employeeinfo.DetailsTest
-------------------------------------------------------------------------------
Tests run: 5, Failures: 1, Errors: 0, Skipped: 0, Time elapsed: 0.105 s <<< FAILURE! - in za.ac.cput.employeeinfo.DetailsTest
testGetEmplName  Time elapsed: 0.028 s  <<< FAILURE!
org.opentest4j.AssertionFailedError: The test case is a prototype.
	at za.ac.cput.employeeinfo.DetailsTest.testGetEmplName(DetailsTest.java:53)

